<?xml version="1.0" encoding="UTF-8"?>
<!-- Generated by org.testng.reporters.JUnitXMLReporter -->
<testsuite hostname="DESKTOP-O0V8JPK" ignored="0" name="Google Search" tests="2" failures="0" timestamp="24 Feb 2020 17:18:59 GMT" time="0.141" errors="0">
  <testcase name="@BeforeSuite beforeSuite" time="0.816" classname="com.seleniummaventestng.base.BaseTest">
    <failure type="java.lang.IllegalStateException" message="The driver executable does not exist: C:\Selenium_Automation\selenium\chromedriver\chromedriver.exe">
      <![CDATA[java.lang.IllegalStateException: The driver executable does not exist: C:\Selenium_Automation\selenium\chromedriver\chromedriver.exe
at com.google.common.base.Preconditions.checkState(Preconditions.java:585)
at org.openqa.selenium.remote.service.DriverService.checkExecutable(DriverService.java:146)
at org.openqa.selenium.remote.service.DriverService$Builder.usingDriverExecutable(DriverService.java:281)
at com.seleniummaventestng.lib.WebDriverFactory.startChromeService(WebDriverFactory.java:67)
at com.seleniummaventestng.base.BaseTest.beforeSuite(BaseTest.java:22)
... Removed 24 stack frames]]>
    </failure>
  </testcase> <!-- @BeforeSuite beforeSuite -->
  <testcase name="@BeforeMethod beforeMethod" time="0.125" classname="com.seleniummaventestng.base.BaseTest">
    <failure type="java.lang.NullPointerException">
      <![CDATA[java.lang.NullPointerException
at org.openqa.selenium.remote.service.DriverCommandExecutor.<init>(DriverCommandExecutor.java:63)
at org.openqa.selenium.chrome.ChromeDriverCommandExecutor.<init>(ChromeDriverCommandExecutor.java:46)
at org.openqa.selenium.chrome.ChromeDriver.<init>(ChromeDriver.java:181)
at org.openqa.selenium.chrome.ChromeDriver.<init>(ChromeDriver.java:168)
at com.seleniummaventestng.lib.WebDriverFactory.getWebdriver(WebDriverFactory.java:58)
at com.seleniummaventestng.lib.WebDriverFactory.setDriverForThread(WebDriverFactory.java:29)
at com.seleniummaventestng.base.BaseTest.startWebDriverClient(BaseTest.java:51)
at com.seleniummaventestng.base.BaseTest.beforeMethod(BaseTest.java:38)
at java.util.concurrent.ThreadPoolExecutor.runWorker(ThreadPoolExecutor.java:1149)
at java.util.concurrent.ThreadPoolExecutor$Worker.run(ThreadPoolExecutor.java:624)
at java.lang.Thread.run(Thread.java:748)
... Removed 13 stack frames]]>
    </failure>
  </testcase> <!-- @BeforeMethod beforeMethod -->
  <testcase name="@BeforeMethod beforeMethod" time="0.125" classname="com.seleniummaventestng.base.BaseTest">
    <failure type="java.lang.NullPointerException">
      <![CDATA[java.lang.NullPointerException
at org.openqa.selenium.remote.service.DriverCommandExecutor.<init>(DriverCommandExecutor.java:63)
at org.openqa.selenium.chrome.ChromeDriverCommandExecutor.<init>(ChromeDriverCommandExecutor.java:46)
at org.openqa.selenium.chrome.ChromeDriver.<init>(ChromeDriver.java:181)
at org.openqa.selenium.chrome.ChromeDriver.<init>(ChromeDriver.java:168)
at com.seleniummaventestng.lib.WebDriverFactory.getWebdriver(WebDriverFactory.java:58)
at com.seleniummaventestng.lib.WebDriverFactory.setDriverForThread(WebDriverFactory.java:29)
at com.seleniummaventestng.base.BaseTest.startWebDriverClient(BaseTest.java:51)
at com.seleniummaventestng.base.BaseTest.beforeMethod(BaseTest.java:38)
at java.util.concurrent.ThreadPoolExecutor.runWorker(ThreadPoolExecutor.java:1149)
at java.util.concurrent.ThreadPoolExecutor$Worker.run(ThreadPoolExecutor.java:624)
at java.lang.Thread.run(Thread.java:748)
... Removed 13 stack frames]]>
    </failure>
  </testcase> <!-- @BeforeMethod beforeMethod -->
  <testcase name="@AfterMethod afterMethod" time="0.0" classname="com.seleniummaventestng.base.BaseTest">
    <failure type="java.lang.NullPointerException">
      <![CDATA[java.lang.NullPointerException
at com.seleniummaventestng.base.BaseTest.afterMethod(BaseTest.java:46)
at java.util.concurrent.ThreadPoolExecutor.runWorker(ThreadPoolExecutor.java:1149)
at java.util.concurrent.ThreadPoolExecutor$Worker.run(ThreadPoolExecutor.java:624)
at java.lang.Thread.run(Thread.java:748)
... Removed 13 stack frames]]>
    </failure>
  </testcase> <!-- @AfterMethod afterMethod -->
  <testcase name="@AfterMethod afterMethod" time="0.0" classname="com.seleniummaventestng.base.BaseTest">
    <failure type="java.lang.NullPointerException">
      <![CDATA[java.lang.NullPointerException
at com.seleniummaventestng.base.BaseTest.afterMethod(BaseTest.java:46)
at java.util.concurrent.ThreadPoolExecutor.runWorker(ThreadPoolExecutor.java:1149)
at java.util.concurrent.ThreadPoolExecutor$Worker.run(ThreadPoolExecutor.java:624)
at java.lang.Thread.run(Thread.java:748)
... Removed 13 stack frames]]>
    </failure>
  </testcase> <!-- @AfterMethod afterMethod -->
  <testcase name="helloWorldTestCase01" time="0.0" classname="com.seleniummaventestng.tests.HelloWorld">
    <skipped/>
  </testcase> <!-- helloWorldTestCase01 -->
  <testcase name="helloWorldTestCase02" time="0.0" classname="com.seleniummaventestng.tests.HelloWorld">
    <skipped/>
  </testcase> <!-- helloWorldTestCase02 -->
</testsuite> <!-- Google Search -->
