<html>
<head>
<title>TestNG:  Google Search</title>
<link href="../testng.css" rel="stylesheet" type="text/css" />
<link href="../my-testng.css" rel="stylesheet" type="text/css" />

<style type="text/css">
.log { display: none;} 
.stack-trace { display: none;} 
</style>
<script type="text/javascript">
<!--
function flip(e) {
  current = e.style.display;
  if (current == 'block') {
    e.style.display = 'none';
    return 0;
  }
  else {
    e.style.display = 'block';
    return 1;
  }
}

function toggleBox(szDivId, elem, msg1, msg2)
{
  var res = -1;  if (document.getElementById) {
    res = flip(document.getElementById(szDivId));
  }
  else if (document.all) {
    // this is the way old msie versions work
    res = flip(document.all[szDivId]);
  }
  if(elem) {
    if(res == 0) elem.innerHTML = msg1; else elem.innerHTML = msg2;
  }

}

function toggleAllBoxes() {
  if (document.getElementsByTagName) {
    d = document.getElementsByTagName('div');
    for (i = 0; i < d.length; i++) {
      if (d[i].className == 'log') {
        flip(d[i]);
      }
    }
  }
}

// -->
</script>

</head>
<body>
<h2 align='center'>Google Search</h2><table border='1' align="center">
<tr>
<td>Tests passed/Failed/Skipped:</td><td>0/0/2</td>
</tr><tr>
<td>Started on:</td><td>Mon Feb 24 22:48:58 IST 2020</td>
</tr>
<tr><td>Total time:</td><td>0 seconds (141 ms)</td>
</tr><tr>
<td>Included groups:</td><td>selenium.maven.testng.test </td>
</tr><tr>
<td>Excluded groups:</td><td></td>
</tr>
</table><p/>
<small><i>(Hover the method name to see the test class name)</i></small><p/>
<table width='100%' border='1' class='invocation-failed'>
<tr><td colspan='4' align='center'><b>FAILED CONFIGURATIONS</b></td></tr>
<tr><td><b>Test method</b></td>
<td width="30%"><b>Exception</b></td>
<td width="10%"><b>Time (seconds)</b></td>
<td><b>Instance</b></td>
</tr>
<tr>
<td title='com.seleniummaventestng.tests.HelloWorld.beforeSuite()'><b>beforeSuite</b><br>Test class: com.seleniummaventestng.tests.HelloWorld<br>Parameters: org.testng.TestRunner@31190526</td>
<td><div><pre>java.lang.IllegalStateException: The driver executable does not exist: C:\Selenium_Automation\selenium\chromedriver\chromedriver.exe
	at com.google.common.base.Preconditions.checkState(Preconditions.java:585)
	at org.openqa.selenium.remote.service.DriverService.checkExecutable(DriverService.java:146)
	at org.openqa.selenium.remote.service.DriverService$Builder.usingDriverExecutable(DriverService.java:281)
	at com.seleniummaventestng.lib.WebDriverFactory.startChromeService(WebDriverFactory.java:67)
	at com.seleniummaventestng.base.BaseTest.beforeSuite(BaseTest.java:22)
... Removed 24 stack frames</pre></div><a href='#' onClick='toggleBox("stack-trace1423561005", this, "Click to show all stack frames", "Click to hide stack frames")'>Click to show all stack frames</a>
<div class='stack-trace' id='stack-trace1423561005'><pre>java.lang.IllegalStateException: The driver executable does not exist: C:\Selenium_Automation\selenium\chromedriver\chromedriver.exe
	at com.google.common.base.Preconditions.checkState(Preconditions.java:585)
	at org.openqa.selenium.remote.service.DriverService.checkExecutable(DriverService.java:146)
	at org.openqa.selenium.remote.service.DriverService$Builder.usingDriverExecutable(DriverService.java:281)
	at com.seleniummaventestng.lib.WebDriverFactory.startChromeService(WebDriverFactory.java:67)
	at com.seleniummaventestng.base.BaseTest.beforeSuite(BaseTest.java:22)
	at sun.reflect.NativeMethodAccessorImpl.invoke0(Native Method)
	at sun.reflect.NativeMethodAccessorImpl.invoke(NativeMethodAccessorImpl.java:62)
	at sun.reflect.DelegatingMethodAccessorImpl.invoke(DelegatingMethodAccessorImpl.java:43)
	at java.lang.reflect.Method.invoke(Method.java:498)
	at org.testng.internal.MethodInvocationHelper.invokeMethod(MethodInvocationHelper.java:124)
	at org.testng.internal.MethodInvocationHelper.invokeMethodConsideringTimeout(MethodInvocationHelper.java:59)
	at org.testng.internal.Invoker.invokeConfigurationMethod(Invoker.java:458)
	at org.testng.internal.Invoker.invokeConfigurations(Invoker.java:222)
	at org.testng.internal.Invoker.invokeConfigurations(Invoker.java:142)
	at org.testng.SuiteRunner.privateRun(SuiteRunner.java:401)
	at org.testng.SuiteRunner.run(SuiteRunner.java:364)
	at org.testng.SuiteRunnerWorker.runSuite(SuiteRunnerWorker.java:52)
	at org.testng.SuiteRunnerWorker.run(SuiteRunnerWorker.java:84)
	at org.testng.TestNG.runSuitesSequentially(TestNG.java:1208)
	at org.testng.TestNG.runSuitesLocally(TestNG.java:1137)
	at org.testng.TestNG.runSuites(TestNG.java:1049)
	at org.testng.TestNG.run(TestNG.java:1017)
	at org.apache.maven.surefire.testng.TestNGExecutor.run(TestNGExecutor.java:283)
	at org.apache.maven.surefire.testng.TestNGXmlTestSuite.execute(TestNGXmlTestSuite.java:75)
	at org.apache.maven.surefire.testng.TestNGProvider.invoke(TestNGProvider.java:120)
	at org.apache.maven.surefire.booter.ForkedBooter.invokeProviderInSameClassLoader(ForkedBooter.java:384)
	at org.apache.maven.surefire.booter.ForkedBooter.runSuitesInProcess(ForkedBooter.java:345)
	at org.apache.maven.surefire.booter.ForkedBooter.execute(ForkedBooter.java:126)
	at org.apache.maven.surefire.booter.ForkedBooter.main(ForkedBooter.java:418)
</pre></div></td>
<td>0</td>
<td>com.seleniummaventestng.tests.HelloWorld@6df97b55</td></tr>
<tr>
<td title='com.seleniummaventestng.tests.HelloWorld.beforeMethod()'><b>beforeMethod</b><br>Test class: com.seleniummaventestng.tests.HelloWorld</td>
<td><div><pre>java.lang.NullPointerException
	at org.openqa.selenium.remote.service.DriverCommandExecutor.&lt;init&gt;(DriverCommandExecutor.java:63)
	at org.openqa.selenium.chrome.ChromeDriverCommandExecutor.&lt;init&gt;(ChromeDriverCommandExecutor.java:46)
	at org.openqa.selenium.chrome.ChromeDriver.&lt;init&gt;(ChromeDriver.java:181)
	at org.openqa.selenium.chrome.ChromeDriver.&lt;init&gt;(ChromeDriver.java:168)
	at com.seleniummaventestng.lib.WebDriverFactory.getWebdriver(WebDriverFactory.java:58)
	at com.seleniummaventestng.lib.WebDriverFactory.setDriverForThread(WebDriverFactory.java:29)
	at com.seleniummaventestng.base.BaseTest.startWebDriverClient(BaseTest.java:51)
	at com.seleniummaventestng.base.BaseTest.beforeMethod(BaseTest.java:38)
	at java.util.concurrent.ThreadPoolExecutor.runWorker(ThreadPoolExecutor.java:1149)
	at java.util.concurrent.ThreadPoolExecutor$Worker.run(ThreadPoolExecutor.java:624)
	at java.lang.Thread.run(Thread.java:748)
... Removed 13 stack frames</pre></div><a href='#' onClick='toggleBox("stack-trace446813860", this, "Click to show all stack frames", "Click to hide stack frames")'>Click to show all stack frames</a>
<div class='stack-trace' id='stack-trace446813860'><pre>java.lang.NullPointerException
	at org.openqa.selenium.remote.service.DriverCommandExecutor.&lt;init&gt;(DriverCommandExecutor.java:63)
	at org.openqa.selenium.chrome.ChromeDriverCommandExecutor.&lt;init&gt;(ChromeDriverCommandExecutor.java:46)
	at org.openqa.selenium.chrome.ChromeDriver.&lt;init&gt;(ChromeDriver.java:181)
	at org.openqa.selenium.chrome.ChromeDriver.&lt;init&gt;(ChromeDriver.java:168)
	at com.seleniummaventestng.lib.WebDriverFactory.getWebdriver(WebDriverFactory.java:58)
	at com.seleniummaventestng.lib.WebDriverFactory.setDriverForThread(WebDriverFactory.java:29)
	at com.seleniummaventestng.base.BaseTest.startWebDriverClient(BaseTest.java:51)
	at com.seleniummaventestng.base.BaseTest.beforeMethod(BaseTest.java:38)
	at sun.reflect.NativeMethodAccessorImpl.invoke0(Native Method)
	at sun.reflect.NativeMethodAccessorImpl.invoke(NativeMethodAccessorImpl.java:62)
	at sun.reflect.DelegatingMethodAccessorImpl.invoke(DelegatingMethodAccessorImpl.java:43)
	at java.lang.reflect.Method.invoke(Method.java:498)
	at org.testng.internal.MethodInvocationHelper.invokeMethod(MethodInvocationHelper.java:124)
	at org.testng.internal.MethodInvocationHelper.invokeMethodConsideringTimeout(MethodInvocationHelper.java:59)
	at org.testng.internal.Invoker.invokeConfigurationMethod(Invoker.java:458)
	at org.testng.internal.Invoker.invokeConfigurations(Invoker.java:222)
	at org.testng.internal.Invoker.invokeMethod(Invoker.java:523)
	at org.testng.internal.Invoker.invokeTestMethod(Invoker.java:719)
	at org.testng.internal.Invoker.invokeTestMethods(Invoker.java:989)
	at org.testng.internal.TestMethodWorker.invokeTestMethods(TestMethodWorker.java:125)
	at org.testng.internal.TestMethodWorker.run(TestMethodWorker.java:109)
	at java.util.concurrent.ThreadPoolExecutor.runWorker(ThreadPoolExecutor.java:1149)
	at java.util.concurrent.ThreadPoolExecutor$Worker.run(ThreadPoolExecutor.java:624)
	at java.lang.Thread.run(Thread.java:748)
</pre></div></td>
<td>0</td>
<td>com.seleniummaventestng.tests.HelloWorld@6df97b55</td></tr>
<tr>
<td title='com.seleniummaventestng.tests.HelloWorld.beforeMethod()'><b>beforeMethod</b><br>Test class: com.seleniummaventestng.tests.HelloWorld</td>
<td><div><pre>java.lang.NullPointerException
	at org.openqa.selenium.remote.service.DriverCommandExecutor.&lt;init&gt;(DriverCommandExecutor.java:63)
	at org.openqa.selenium.chrome.ChromeDriverCommandExecutor.&lt;init&gt;(ChromeDriverCommandExecutor.java:46)
	at org.openqa.selenium.chrome.ChromeDriver.&lt;init&gt;(ChromeDriver.java:181)
	at org.openqa.selenium.chrome.ChromeDriver.&lt;init&gt;(ChromeDriver.java:168)
	at com.seleniummaventestng.lib.WebDriverFactory.getWebdriver(WebDriverFactory.java:58)
	at com.seleniummaventestng.lib.WebDriverFactory.setDriverForThread(WebDriverFactory.java:29)
	at com.seleniummaventestng.base.BaseTest.startWebDriverClient(BaseTest.java:51)
	at com.seleniummaventestng.base.BaseTest.beforeMethod(BaseTest.java:38)
	at java.util.concurrent.ThreadPoolExecutor.runWorker(ThreadPoolExecutor.java:1149)
	at java.util.concurrent.ThreadPoolExecutor$Worker.run(ThreadPoolExecutor.java:624)
	at java.lang.Thread.run(Thread.java:748)
... Removed 13 stack frames</pre></div><a href='#' onClick='toggleBox("stack-trace2124311374", this, "Click to show all stack frames", "Click to hide stack frames")'>Click to show all stack frames</a>
<div class='stack-trace' id='stack-trace2124311374'><pre>java.lang.NullPointerException
	at org.openqa.selenium.remote.service.DriverCommandExecutor.&lt;init&gt;(DriverCommandExecutor.java:63)
	at org.openqa.selenium.chrome.ChromeDriverCommandExecutor.&lt;init&gt;(ChromeDriverCommandExecutor.java:46)
	at org.openqa.selenium.chrome.ChromeDriver.&lt;init&gt;(ChromeDriver.java:181)
	at org.openqa.selenium.chrome.ChromeDriver.&lt;init&gt;(ChromeDriver.java:168)
	at com.seleniummaventestng.lib.WebDriverFactory.getWebdriver(WebDriverFactory.java:58)
	at com.seleniummaventestng.lib.WebDriverFactory.setDriverForThread(WebDriverFactory.java:29)
	at com.seleniummaventestng.base.BaseTest.startWebDriverClient(BaseTest.java:51)
	at com.seleniummaventestng.base.BaseTest.beforeMethod(BaseTest.java:38)
	at sun.reflect.NativeMethodAccessorImpl.invoke0(Native Method)
	at sun.reflect.NativeMethodAccessorImpl.invoke(NativeMethodAccessorImpl.java:62)
	at sun.reflect.DelegatingMethodAccessorImpl.invoke(DelegatingMethodAccessorImpl.java:43)
	at java.lang.reflect.Method.invoke(Method.java:498)
	at org.testng.internal.MethodInvocationHelper.invokeMethod(MethodInvocationHelper.java:124)
	at org.testng.internal.MethodInvocationHelper.invokeMethodConsideringTimeout(MethodInvocationHelper.java:59)
	at org.testng.internal.Invoker.invokeConfigurationMethod(Invoker.java:458)
	at org.testng.internal.Invoker.invokeConfigurations(Invoker.java:222)
	at org.testng.internal.Invoker.invokeMethod(Invoker.java:523)
	at org.testng.internal.Invoker.invokeTestMethod(Invoker.java:719)
	at org.testng.internal.Invoker.invokeTestMethods(Invoker.java:989)
	at org.testng.internal.TestMethodWorker.invokeTestMethods(TestMethodWorker.java:125)
	at org.testng.internal.TestMethodWorker.run(TestMethodWorker.java:109)
	at java.util.concurrent.ThreadPoolExecutor.runWorker(ThreadPoolExecutor.java:1149)
	at java.util.concurrent.ThreadPoolExecutor$Worker.run(ThreadPoolExecutor.java:624)
	at java.lang.Thread.run(Thread.java:748)
</pre></div></td>
<td>0</td>
<td>com.seleniummaventestng.tests.HelloWorld@6df97b55</td></tr>
<tr>
<td title='com.seleniummaventestng.tests.HelloWorld.afterMethod()'><b>afterMethod</b><br>Test class: com.seleniummaventestng.tests.HelloWorld</td>
<td><div><pre>java.lang.NullPointerException
	at com.seleniummaventestng.base.BaseTest.afterMethod(BaseTest.java:46)
	at java.util.concurrent.ThreadPoolExecutor.runWorker(ThreadPoolExecutor.java:1149)
	at java.util.concurrent.ThreadPoolExecutor$Worker.run(ThreadPoolExecutor.java:624)
	at java.lang.Thread.run(Thread.java:748)
... Removed 13 stack frames</pre></div><a href='#' onClick='toggleBox("stack-trace781701640", this, "Click to show all stack frames", "Click to hide stack frames")'>Click to show all stack frames</a>
<div class='stack-trace' id='stack-trace781701640'><pre>java.lang.NullPointerException
	at com.seleniummaventestng.base.BaseTest.afterMethod(BaseTest.java:46)
	at sun.reflect.NativeMethodAccessorImpl.invoke0(Native Method)
	at sun.reflect.NativeMethodAccessorImpl.invoke(NativeMethodAccessorImpl.java:62)
	at sun.reflect.DelegatingMethodAccessorImpl.invoke(DelegatingMethodAccessorImpl.java:43)
	at java.lang.reflect.Method.invoke(Method.java:498)
	at org.testng.internal.MethodInvocationHelper.invokeMethod(MethodInvocationHelper.java:124)
	at org.testng.internal.MethodInvocationHelper.invokeMethodConsideringTimeout(MethodInvocationHelper.java:59)
	at org.testng.internal.Invoker.invokeConfigurationMethod(Invoker.java:458)
	at org.testng.internal.Invoker.invokeConfigurations(Invoker.java:222)
	at org.testng.internal.Invoker.invokeMethod(Invoker.java:536)
	at org.testng.internal.Invoker.invokeTestMethod(Invoker.java:719)
	at org.testng.internal.Invoker.invokeTestMethods(Invoker.java:989)
	at org.testng.internal.TestMethodWorker.invokeTestMethods(TestMethodWorker.java:125)
	at org.testng.internal.TestMethodWorker.run(TestMethodWorker.java:109)
	at java.util.concurrent.ThreadPoolExecutor.runWorker(ThreadPoolExecutor.java:1149)
	at java.util.concurrent.ThreadPoolExecutor$Worker.run(ThreadPoolExecutor.java:624)
	at java.lang.Thread.run(Thread.java:748)
</pre></div></td>
<td>0</td>
<td>com.seleniummaventestng.tests.HelloWorld@6df97b55</td></tr>
<tr>
<td title='com.seleniummaventestng.tests.HelloWorld.afterMethod()'><b>afterMethod</b><br>Test class: com.seleniummaventestng.tests.HelloWorld</td>
<td><div><pre>java.lang.NullPointerException
	at com.seleniummaventestng.base.BaseTest.afterMethod(BaseTest.java:46)
	at java.util.concurrent.ThreadPoolExecutor.runWorker(ThreadPoolExecutor.java:1149)
	at java.util.concurrent.ThreadPoolExecutor$Worker.run(ThreadPoolExecutor.java:624)
	at java.lang.Thread.run(Thread.java:748)
... Removed 13 stack frames</pre></div><a href='#' onClick='toggleBox("stack-trace116718679", this, "Click to show all stack frames", "Click to hide stack frames")'>Click to show all stack frames</a>
<div class='stack-trace' id='stack-trace116718679'><pre>java.lang.NullPointerException
	at com.seleniummaventestng.base.BaseTest.afterMethod(BaseTest.java:46)
	at sun.reflect.NativeMethodAccessorImpl.invoke0(Native Method)
	at sun.reflect.NativeMethodAccessorImpl.invoke(NativeMethodAccessorImpl.java:62)
	at sun.reflect.DelegatingMethodAccessorImpl.invoke(DelegatingMethodAccessorImpl.java:43)
	at java.lang.reflect.Method.invoke(Method.java:498)
	at org.testng.internal.MethodInvocationHelper.invokeMethod(MethodInvocationHelper.java:124)
	at org.testng.internal.MethodInvocationHelper.invokeMethodConsideringTimeout(MethodInvocationHelper.java:59)
	at org.testng.internal.Invoker.invokeConfigurationMethod(Invoker.java:458)
	at org.testng.internal.Invoker.invokeConfigurations(Invoker.java:222)
	at org.testng.internal.Invoker.invokeMethod(Invoker.java:536)
	at org.testng.internal.Invoker.invokeTestMethod(Invoker.java:719)
	at org.testng.internal.Invoker.invokeTestMethods(Invoker.java:989)
	at org.testng.internal.TestMethodWorker.invokeTestMethods(TestMethodWorker.java:125)
	at org.testng.internal.TestMethodWorker.run(TestMethodWorker.java:109)
	at java.util.concurrent.ThreadPoolExecutor.runWorker(ThreadPoolExecutor.java:1149)
	at java.util.concurrent.ThreadPoolExecutor$Worker.run(ThreadPoolExecutor.java:624)
	at java.lang.Thread.run(Thread.java:748)
</pre></div></td>
<td>0</td>
<td>com.seleniummaventestng.tests.HelloWorld@6df97b55</td></tr>
</table><p>
<table width='100%' border='1' class='invocation-skipped'>
<tr><td colspan='4' align='center'><b>SKIPPED TESTS</b></td></tr>
<tr><td><b>Test method</b></td>
<td width="30%"><b>Exception</b></td>
<td width="10%"><b>Time (seconds)</b></td>
<td><b>Instance</b></td>
</tr>
<tr>
<td title='com.seleniummaventestng.tests.HelloWorld.helloWorldTestCase01()'><b>helloWorldTestCase01</b><br>Test class: com.seleniummaventestng.tests.HelloWorld</td>
<td><div><pre>java.lang.NullPointerException
	at org.openqa.selenium.remote.service.DriverCommandExecutor.&lt;init&gt;(DriverCommandExecutor.java:63)
	at org.openqa.selenium.chrome.ChromeDriverCommandExecutor.&lt;init&gt;(ChromeDriverCommandExecutor.java:46)
	at org.openqa.selenium.chrome.ChromeDriver.&lt;init&gt;(ChromeDriver.java:181)
	at org.openqa.selenium.chrome.ChromeDriver.&lt;init&gt;(ChromeDriver.java:168)
	at com.seleniummaventestng.lib.WebDriverFactory.getWebdriver(WebDriverFactory.java:58)
	at com.seleniummaventestng.lib.WebDriverFactory.setDriverForThread(WebDriverFactory.java:29)
	at com.seleniummaventestng.base.BaseTest.startWebDriverClient(BaseTest.java:51)
	at com.seleniummaventestng.base.BaseTest.beforeMethod(BaseTest.java:38)
	at java.util.concurrent.ThreadPoolExecutor.runWorker(ThreadPoolExecutor.java:1149)
	at java.util.concurrent.ThreadPoolExecutor$Worker.run(ThreadPoolExecutor.java:624)
	at java.lang.Thread.run(Thread.java:748)
... Removed 13 stack frames</pre></div><a href='#' onClick='toggleBox("stack-trace982984456", this, "Click to show all stack frames", "Click to hide stack frames")'>Click to show all stack frames</a>
<div class='stack-trace' id='stack-trace982984456'><pre>java.lang.NullPointerException
	at org.openqa.selenium.remote.service.DriverCommandExecutor.&lt;init&gt;(DriverCommandExecutor.java:63)
	at org.openqa.selenium.chrome.ChromeDriverCommandExecutor.&lt;init&gt;(ChromeDriverCommandExecutor.java:46)
	at org.openqa.selenium.chrome.ChromeDriver.&lt;init&gt;(ChromeDriver.java:181)
	at org.openqa.selenium.chrome.ChromeDriver.&lt;init&gt;(ChromeDriver.java:168)
	at com.seleniummaventestng.lib.WebDriverFactory.getWebdriver(WebDriverFactory.java:58)
	at com.seleniummaventestng.lib.WebDriverFactory.setDriverForThread(WebDriverFactory.java:29)
	at com.seleniummaventestng.base.BaseTest.startWebDriverClient(BaseTest.java:51)
	at com.seleniummaventestng.base.BaseTest.beforeMethod(BaseTest.java:38)
	at sun.reflect.NativeMethodAccessorImpl.invoke0(Native Method)
	at sun.reflect.NativeMethodAccessorImpl.invoke(NativeMethodAccessorImpl.java:62)
	at sun.reflect.DelegatingMethodAccessorImpl.invoke(DelegatingMethodAccessorImpl.java:43)
	at java.lang.reflect.Method.invoke(Method.java:498)
	at org.testng.internal.MethodInvocationHelper.invokeMethod(MethodInvocationHelper.java:124)
	at org.testng.internal.MethodInvocationHelper.invokeMethodConsideringTimeout(MethodInvocationHelper.java:59)
	at org.testng.internal.Invoker.invokeConfigurationMethod(Invoker.java:458)
	at org.testng.internal.Invoker.invokeConfigurations(Invoker.java:222)
	at org.testng.internal.Invoker.invokeMethod(Invoker.java:523)
	at org.testng.internal.Invoker.invokeTestMethod(Invoker.java:719)
	at org.testng.internal.Invoker.invokeTestMethods(Invoker.java:989)
	at org.testng.internal.TestMethodWorker.invokeTestMethods(TestMethodWorker.java:125)
	at org.testng.internal.TestMethodWorker.run(TestMethodWorker.java:109)
	at java.util.concurrent.ThreadPoolExecutor.runWorker(ThreadPoolExecutor.java:1149)
	at java.util.concurrent.ThreadPoolExecutor$Worker.run(ThreadPoolExecutor.java:624)
	at java.lang.Thread.run(Thread.java:748)
</pre></div></td>
<td>0</td>
<td>com.seleniummaventestng.tests.HelloWorld@6df97b55</td></tr>
<tr>
<td title='com.seleniummaventestng.tests.HelloWorld.helloWorldTestCase02()'><b>helloWorldTestCase02</b><br>Test class: com.seleniummaventestng.tests.HelloWorld</td>
<td><div><pre>java.lang.NullPointerException
	at org.openqa.selenium.remote.service.DriverCommandExecutor.&lt;init&gt;(DriverCommandExecutor.java:63)
	at org.openqa.selenium.chrome.ChromeDriverCommandExecutor.&lt;init&gt;(ChromeDriverCommandExecutor.java:46)
	at org.openqa.selenium.chrome.ChromeDriver.&lt;init&gt;(ChromeDriver.java:181)
	at org.openqa.selenium.chrome.ChromeDriver.&lt;init&gt;(ChromeDriver.java:168)
	at com.seleniummaventestng.lib.WebDriverFactory.getWebdriver(WebDriverFactory.java:58)
	at com.seleniummaventestng.lib.WebDriverFactory.setDriverForThread(WebDriverFactory.java:29)
	at com.seleniummaventestng.base.BaseTest.startWebDriverClient(BaseTest.java:51)
	at com.seleniummaventestng.base.BaseTest.beforeMethod(BaseTest.java:38)
	at java.util.concurrent.ThreadPoolExecutor.runWorker(ThreadPoolExecutor.java:1149)
	at java.util.concurrent.ThreadPoolExecutor$Worker.run(ThreadPoolExecutor.java:624)
	at java.lang.Thread.run(Thread.java:748)
... Removed 13 stack frames</pre></div><a href='#' onClick='toggleBox("stack-trace2079065939", this, "Click to show all stack frames", "Click to hide stack frames")'>Click to show all stack frames</a>
<div class='stack-trace' id='stack-trace2079065939'><pre>java.lang.NullPointerException
	at org.openqa.selenium.remote.service.DriverCommandExecutor.&lt;init&gt;(DriverCommandExecutor.java:63)
	at org.openqa.selenium.chrome.ChromeDriverCommandExecutor.&lt;init&gt;(ChromeDriverCommandExecutor.java:46)
	at org.openqa.selenium.chrome.ChromeDriver.&lt;init&gt;(ChromeDriver.java:181)
	at org.openqa.selenium.chrome.ChromeDriver.&lt;init&gt;(ChromeDriver.java:168)
	at com.seleniummaventestng.lib.WebDriverFactory.getWebdriver(WebDriverFactory.java:58)
	at com.seleniummaventestng.lib.WebDriverFactory.setDriverForThread(WebDriverFactory.java:29)
	at com.seleniummaventestng.base.BaseTest.startWebDriverClient(BaseTest.java:51)
	at com.seleniummaventestng.base.BaseTest.beforeMethod(BaseTest.java:38)
	at sun.reflect.NativeMethodAccessorImpl.invoke0(Native Method)
	at sun.reflect.NativeMethodAccessorImpl.invoke(NativeMethodAccessorImpl.java:62)
	at sun.reflect.DelegatingMethodAccessorImpl.invoke(DelegatingMethodAccessorImpl.java:43)
	at java.lang.reflect.Method.invoke(Method.java:498)
	at org.testng.internal.MethodInvocationHelper.invokeMethod(MethodInvocationHelper.java:124)
	at org.testng.internal.MethodInvocationHelper.invokeMethodConsideringTimeout(MethodInvocationHelper.java:59)
	at org.testng.internal.Invoker.invokeConfigurationMethod(Invoker.java:458)
	at org.testng.internal.Invoker.invokeConfigurations(Invoker.java:222)
	at org.testng.internal.Invoker.invokeMethod(Invoker.java:523)
	at org.testng.internal.Invoker.invokeTestMethod(Invoker.java:719)
	at org.testng.internal.Invoker.invokeTestMethods(Invoker.java:989)
	at org.testng.internal.TestMethodWorker.invokeTestMethods(TestMethodWorker.java:125)
	at org.testng.internal.TestMethodWorker.run(TestMethodWorker.java:109)
	at java.util.concurrent.ThreadPoolExecutor.runWorker(ThreadPoolExecutor.java:1149)
	at java.util.concurrent.ThreadPoolExecutor$Worker.run(ThreadPoolExecutor.java:624)
	at java.lang.Thread.run(Thread.java:748)
</pre></div></td>
<td>0</td>
<td>com.seleniummaventestng.tests.HelloWorld@6df97b55</td></tr>
</table><p>
</body>
</html>