<?xml version="1.0" encoding="UTF-8"?>
<testng-results skipped="0" failed="2" ignored="0" total="2" passed="0">
  <reporter-output>
  </reporter-output>
  <suite name="Salenium Maven TestNG" duration-ms="35117" started-at="2020-02-24T19:07:30Z" finished-at="2020-02-24T19:08:05Z">
    <groups>
      <group name="selenium.maven.testng.test">
        <method signature="HelloWorld.helloWorldTestCase01()[pri:0, instance:com.seleniummaventestng.tests.HelloWorld@604ed9f0]" name="helloWorldTestCase01" class="com.seleniummaventestng.tests.HelloWorld"/>
        <method signature="HelloWorld.helloWorldTestCase02()[pri:0, instance:com.seleniummaventestng.tests.HelloWorld@604ed9f0]" name="helloWorldTestCase02" class="com.seleniummaventestng.tests.HelloWorld"/>
      </group> <!-- selenium.maven.testng.test -->
      <group name="selenium.maven.testng.test.01">
        <method signature="HelloWorld.helloWorldTestCase01()[pri:0, instance:com.seleniummaventestng.tests.HelloWorld@604ed9f0]" name="helloWorldTestCase01" class="com.seleniummaventestng.tests.HelloWorld"/>
      </group> <!-- selenium.maven.testng.test.01 -->
      <group name="selenium.maven.testng.test.02">
        <method signature="HelloWorld.helloWorldTestCase02()[pri:0, instance:com.seleniummaventestng.tests.HelloWorld@604ed9f0]" name="helloWorldTestCase02" class="com.seleniummaventestng.tests.HelloWorld"/>
      </group> <!-- selenium.maven.testng.test.02 -->
    </groups>
    <test name="Google Search" duration-ms="35117" started-at="2020-02-24T19:07:30Z" finished-at="2020-02-24T19:08:05Z">
      <class name="com.seleniummaventestng.tests.HelloWorld">
        <test-method status="PASS" signature="beforeSuite(org.testng.ITestContext)[pri:0, instance:com.seleniummaventestng.tests.HelloWorld@604ed9f0]" name="beforeSuite" is-config="true" duration-ms="3273" started-at="2020-02-24T19:07:27Z" finished-at="2020-02-24T19:07:30Z">
          <params>
            <param index="0">
              <value>
                <![CDATA[org.testng.TestRunner@57d7f8ca]]>
              </value>
            </param>
          </params>
          <reporter-output>
          </reporter-output>
        </test-method> <!-- beforeSuite -->
        <test-method status="PASS" signature="beforeMethod()[pri:0, instance:com.seleniummaventestng.tests.HelloWorld@604ed9f0]" name="beforeMethod" is-config="true" duration-ms="8757" started-at="2020-02-24T19:07:30Z" finished-at="2020-02-24T19:07:39Z">
          <reporter-output>
          </reporter-output>
        </test-method> <!-- beforeMethod -->
        <test-method status="PASS" signature="beforeMethod()[pri:0, instance:com.seleniummaventestng.tests.HelloWorld@604ed9f0]" name="beforeMethod" is-config="true" duration-ms="10932" started-at="2020-02-24T19:07:30Z" finished-at="2020-02-24T19:07:41Z">
          <reporter-output>
          </reporter-output>
        </test-method> <!-- beforeMethod -->
        <test-method status="FAIL" signature="helloWorldTestCase01()[pri:0, instance:com.seleniummaventestng.tests.HelloWorld@604ed9f0]" name="helloWorldTestCase01" duration-ms="25057" started-at="2020-02-24T19:07:39Z" finished-at="2020-02-24T19:08:04Z">
          <exception class="java.lang.Error">
            <message>
              <![CDATA[Page load Exception : no such element: Unable to locate element: {"method":"css selector","selector":"#\/\/\*\[\@id\=\'fakebox\-input\'\]"}
  (Session info: chrome=80.0.3987.116)
For documentation on this error, please visit: https://www.seleniumhq.org/exceptions/no_such_element.html
Build info: version: '3.141.59', revision: 'e82be7d358', time: '2018-11-14T08:17:03'
System info: host: 'DESKTOP-O0V8JPK', ip: '192.168.1.9', os.name: 'Windows 10', os.arch: 'amd64', os.version: '10.0', java.version: '1.8.0_171'
Driver info: org.openqa.selenium.chrome.ChromeDriver
Capabilities {acceptInsecureCerts: false, browserName: chrome, browserVersion: 80.0.3987.116, chrome: {chromedriverVersion: 79.0.3945.36 (3582db32b3389..., userDataDir: C:\Users\Shamili\AppData\Lo...}, goog:chromeOptions: {debuggerAddress: localhost:63481}, javascriptEnabled: true, networkConnectionEnabled: false, pageLoadStrategy: normal, platform: WINDOWS, platformName: WINDOWS, proxy: Proxy(), setWindowRect: true, strictFileInteractability: false, timeouts: {implicit: 0, pageLoad: 300000, script: 30000}, unhandledPromptBehavior: accept}
Session ID: b32392642f35db335844b895dc74f5dd
*** Element info: {Using=id, value=//*[@id='fakebox-input']}]]>
            </message>
            <full-stacktrace>
              <![CDATA[java.lang.Error: Page load Exception : no such element: Unable to locate element: {"method":"css selector","selector":"#\/\/\*\[\@id\=\'fakebox\-input\'\]"}
  (Session info: chrome=80.0.3987.116)
For documentation on this error, please visit: https://www.seleniumhq.org/exceptions/no_such_element.html
Build info: version: '3.141.59', revision: 'e82be7d358', time: '2018-11-14T08:17:03'
System info: host: 'DESKTOP-O0V8JPK', ip: '192.168.1.9', os.name: 'Windows 10', os.arch: 'amd64', os.version: '10.0', java.version: '1.8.0_171'
Driver info: org.openqa.selenium.chrome.ChromeDriver
Capabilities {acceptInsecureCerts: false, browserName: chrome, browserVersion: 80.0.3987.116, chrome: {chromedriverVersion: 79.0.3945.36 (3582db32b3389..., userDataDir: C:\Users\Shamili\AppData\Lo...}, goog:chromeOptions: {debuggerAddress: localhost:63481}, javascriptEnabled: true, networkConnectionEnabled: false, pageLoadStrategy: normal, platform: WINDOWS, platformName: WINDOWS, proxy: Proxy(), setWindowRect: true, strictFileInteractability: false, timeouts: {implicit: 0, pageLoad: 300000, script: 30000}, unhandledPromptBehavior: accept}
Session ID: b32392642f35db335844b895dc74f5dd
*** Element info: {Using=id, value=//*[@id='fakebox-input']}
at com.seleniummaventestng.pageobjects.Google_Page.isLoaded(Google_Page.java:39)
at org.openqa.selenium.support.ui.LoadableComponent.get(LoadableComponent.java:52)
at com.seleniummaventestng.tests.HelloWorld.helloWorldTestCase01(HelloWorld.java:22)
at sun.reflect.NativeMethodAccessorImpl.invoke0(Native Method)
at sun.reflect.NativeMethodAccessorImpl.invoke(NativeMethodAccessorImpl.java:62)
at sun.reflect.DelegatingMethodAccessorImpl.invoke(DelegatingMethodAccessorImpl.java:43)
at java.lang.reflect.Method.invoke(Method.java:498)
at org.testng.internal.MethodInvocationHelper.invokeMethod(MethodInvocationHelper.java:124)
at org.testng.internal.Invoker.invokeMethod(Invoker.java:583)
at org.testng.internal.Invoker.invokeTestMethod(Invoker.java:719)
at org.testng.internal.Invoker.invokeTestMethods(Invoker.java:989)
at org.testng.internal.TestMethodWorker.invokeTestMethods(TestMethodWorker.java:125)
at org.testng.internal.TestMethodWorker.run(TestMethodWorker.java:109)
at java.util.concurrent.ThreadPoolExecutor.runWorker(ThreadPoolExecutor.java:1149)
at java.util.concurrent.ThreadPoolExecutor$Worker.run(ThreadPoolExecutor.java:624)
at java.lang.Thread.run(Thread.java:748)
Caused by: org.openqa.selenium.NoSuchElementException: no such element: Unable to locate element: {"method":"css selector","selector":"#\/\/\*\[\@id\=\'fakebox\-input\'\]"}
  (Session info: chrome=80.0.3987.116)
For documentation on this error, please visit: https://www.seleniumhq.org/exceptions/no_such_element.html
Build info: version: '3.141.59', revision: 'e82be7d358', time: '2018-11-14T08:17:03'
System info: host: 'DESKTOP-O0V8JPK', ip: '192.168.1.9', os.name: 'Windows 10', os.arch: 'amd64', os.version: '10.0', java.version: '1.8.0_171'
Driver info: org.openqa.selenium.chrome.ChromeDriver
Capabilities {acceptInsecureCerts: false, browserName: chrome, browserVersion: 80.0.3987.116, chrome: {chromedriverVersion: 79.0.3945.36 (3582db32b3389..., userDataDir: C:\Users\Shamili\AppData\Lo...}, goog:chromeOptions: {debuggerAddress: localhost:63481}, javascriptEnabled: true, networkConnectionEnabled: false, pageLoadStrategy: normal, platform: WINDOWS, platformName: WINDOWS, proxy: Proxy(), setWindowRect: true, strictFileInteractability: false, timeouts: {implicit: 0, pageLoad: 300000, script: 30000}, unhandledPromptBehavior: accept}
Session ID: b32392642f35db335844b895dc74f5dd
*** Element info: {Using=id, value=//*[@id='fakebox-input']}
at sun.reflect.NativeConstructorAccessorImpl.newInstance0(Native Method)
at sun.reflect.NativeConstructorAccessorImpl.newInstance(NativeConstructorAccessorImpl.java:62)
at sun.reflect.DelegatingConstructorAccessorImpl.newInstance(DelegatingConstructorAccessorImpl.java:45)
at java.lang.reflect.Constructor.newInstance(Constructor.java:423)
at org.openqa.selenium.remote.http.W3CHttpResponseCodec.createException(W3CHttpResponseCodec.java:187)
at org.openqa.selenium.remote.http.W3CHttpResponseCodec.decode(W3CHttpResponseCodec.java:122)
at org.openqa.selenium.remote.http.W3CHttpResponseCodec.decode(W3CHttpResponseCodec.java:49)
at org.openqa.selenium.remote.HttpCommandExecutor.execute(HttpCommandExecutor.java:158)
at org.openqa.selenium.remote.service.DriverCommandExecutor.execute(DriverCommandExecutor.java:83)
at org.openqa.selenium.remote.RemoteWebDriver.execute(RemoteWebDriver.java:552)
at org.openqa.selenium.remote.RemoteWebDriver.findElement(RemoteWebDriver.java:323)
at org.openqa.selenium.remote.RemoteWebDriver.findElementById(RemoteWebDriver.java:372)
at org.openqa.selenium.By$ById.findElement(By.java:188)
at org.openqa.selenium.remote.RemoteWebDriver.findElement(RemoteWebDriver.java:315)
at org.openqa.selenium.support.pagefactory.DefaultElementLocator.findElement(DefaultElementLocator.java:69)
at org.openqa.selenium.support.pagefactory.internal.LocatingElementHandler.invoke(LocatingElementHandler.java:38)
at com.sun.proxy.$Proxy28.isDisplayed(Unknown Source)
at com.seleniummaventestng.pageobjects.Google_Page.isLoaded(Google_Page.java:35)
... 15 more
]]>
            </full-stacktrace>
          </exception> <!-- java.lang.Error -->
          <reporter-output>
          </reporter-output>
        </test-method> <!-- helloWorldTestCase01 -->
        <test-method status="FAIL" signature="helloWorldTestCase02()[pri:0, instance:com.seleniummaventestng.tests.HelloWorld@604ed9f0]" name="helloWorldTestCase02" duration-ms="22877" started-at="2020-02-24T19:07:41Z" finished-at="2020-02-24T19:08:04Z">
          <exception class="java.lang.Error">
            <message>
              <![CDATA[Page load Exception : no such element: Unable to locate element: {"method":"css selector","selector":"#\/\/\*\[\@id\=\'fakebox\-input\'\]"}
  (Session info: chrome=80.0.3987.116)
For documentation on this error, please visit: https://www.seleniumhq.org/exceptions/no_such_element.html
Build info: version: '3.141.59', revision: 'e82be7d358', time: '2018-11-14T08:17:03'
System info: host: 'DESKTOP-O0V8JPK', ip: '192.168.1.9', os.name: 'Windows 10', os.arch: 'amd64', os.version: '10.0', java.version: '1.8.0_171'
Driver info: org.openqa.selenium.chrome.ChromeDriver
Capabilities {acceptInsecureCerts: false, browserName: chrome, browserVersion: 80.0.3987.116, chrome: {chromedriverVersion: 79.0.3945.36 (3582db32b3389..., userDataDir: C:\Users\Shamili\AppData\Lo...}, goog:chromeOptions: {debuggerAddress: localhost:63495}, javascriptEnabled: true, networkConnectionEnabled: false, pageLoadStrategy: normal, platform: WINDOWS, platformName: WINDOWS, proxy: Proxy(), setWindowRect: true, strictFileInteractability: false, timeouts: {implicit: 0, pageLoad: 300000, script: 30000}, unhandledPromptBehavior: accept}
Session ID: 6efc86775c58c243994f3ec7aeddf890
*** Element info: {Using=id, value=//*[@id='fakebox-input']}]]>
            </message>
            <full-stacktrace>
              <![CDATA[java.lang.Error: Page load Exception : no such element: Unable to locate element: {"method":"css selector","selector":"#\/\/\*\[\@id\=\'fakebox\-input\'\]"}
  (Session info: chrome=80.0.3987.116)
For documentation on this error, please visit: https://www.seleniumhq.org/exceptions/no_such_element.html
Build info: version: '3.141.59', revision: 'e82be7d358', time: '2018-11-14T08:17:03'
System info: host: 'DESKTOP-O0V8JPK', ip: '192.168.1.9', os.name: 'Windows 10', os.arch: 'amd64', os.version: '10.0', java.version: '1.8.0_171'
Driver info: org.openqa.selenium.chrome.ChromeDriver
Capabilities {acceptInsecureCerts: false, browserName: chrome, browserVersion: 80.0.3987.116, chrome: {chromedriverVersion: 79.0.3945.36 (3582db32b3389..., userDataDir: C:\Users\Shamili\AppData\Lo...}, goog:chromeOptions: {debuggerAddress: localhost:63495}, javascriptEnabled: true, networkConnectionEnabled: false, pageLoadStrategy: normal, platform: WINDOWS, platformName: WINDOWS, proxy: Proxy(), setWindowRect: true, strictFileInteractability: false, timeouts: {implicit: 0, pageLoad: 300000, script: 30000}, unhandledPromptBehavior: accept}
Session ID: 6efc86775c58c243994f3ec7aeddf890
*** Element info: {Using=id, value=//*[@id='fakebox-input']}
at com.seleniummaventestng.pageobjects.Google_Page.isLoaded(Google_Page.java:39)
at org.openqa.selenium.support.ui.LoadableComponent.get(LoadableComponent.java:52)
at com.seleniummaventestng.tests.HelloWorld.helloWorldTestCase02(HelloWorld.java:50)
at sun.reflect.NativeMethodAccessorImpl.invoke0(Native Method)
at sun.reflect.NativeMethodAccessorImpl.invoke(NativeMethodAccessorImpl.java:62)
at sun.reflect.DelegatingMethodAccessorImpl.invoke(DelegatingMethodAccessorImpl.java:43)
at java.lang.reflect.Method.invoke(Method.java:498)
at org.testng.internal.MethodInvocationHelper.invokeMethod(MethodInvocationHelper.java:124)
at org.testng.internal.Invoker.invokeMethod(Invoker.java:583)
at org.testng.internal.Invoker.invokeTestMethod(Invoker.java:719)
at org.testng.internal.Invoker.invokeTestMethods(Invoker.java:989)
at org.testng.internal.TestMethodWorker.invokeTestMethods(TestMethodWorker.java:125)
at org.testng.internal.TestMethodWorker.run(TestMethodWorker.java:109)
at java.util.concurrent.ThreadPoolExecutor.runWorker(ThreadPoolExecutor.java:1149)
at java.util.concurrent.ThreadPoolExecutor$Worker.run(ThreadPoolExecutor.java:624)
at java.lang.Thread.run(Thread.java:748)
Caused by: org.openqa.selenium.NoSuchElementException: no such element: Unable to locate element: {"method":"css selector","selector":"#\/\/\*\[\@id\=\'fakebox\-input\'\]"}
  (Session info: chrome=80.0.3987.116)
For documentation on this error, please visit: https://www.seleniumhq.org/exceptions/no_such_element.html
Build info: version: '3.141.59', revision: 'e82be7d358', time: '2018-11-14T08:17:03'
System info: host: 'DESKTOP-O0V8JPK', ip: '192.168.1.9', os.name: 'Windows 10', os.arch: 'amd64', os.version: '10.0', java.version: '1.8.0_171'
Driver info: org.openqa.selenium.chrome.ChromeDriver
Capabilities {acceptInsecureCerts: false, browserName: chrome, browserVersion: 80.0.3987.116, chrome: {chromedriverVersion: 79.0.3945.36 (3582db32b3389..., userDataDir: C:\Users\Shamili\AppData\Lo...}, goog:chromeOptions: {debuggerAddress: localhost:63495}, javascriptEnabled: true, networkConnectionEnabled: false, pageLoadStrategy: normal, platform: WINDOWS, platformName: WINDOWS, proxy: Proxy(), setWindowRect: true, strictFileInteractability: false, timeouts: {implicit: 0, pageLoad: 300000, script: 30000}, unhandledPromptBehavior: accept}
Session ID: 6efc86775c58c243994f3ec7aeddf890
*** Element info: {Using=id, value=//*[@id='fakebox-input']}
at sun.reflect.NativeConstructorAccessorImpl.newInstance0(Native Method)
at sun.reflect.NativeConstructorAccessorImpl.newInstance(NativeConstructorAccessorImpl.java:62)
at sun.reflect.DelegatingConstructorAccessorImpl.newInstance(DelegatingConstructorAccessorImpl.java:45)
at java.lang.reflect.Constructor.newInstance(Constructor.java:423)
at org.openqa.selenium.remote.http.W3CHttpResponseCodec.createException(W3CHttpResponseCodec.java:187)
at org.openqa.selenium.remote.http.W3CHttpResponseCodec.decode(W3CHttpResponseCodec.java:122)
at org.openqa.selenium.remote.http.W3CHttpResponseCodec.decode(W3CHttpResponseCodec.java:49)
at org.openqa.selenium.remote.HttpCommandExecutor.execute(HttpCommandExecutor.java:158)
at org.openqa.selenium.remote.service.DriverCommandExecutor.execute(DriverCommandExecutor.java:83)
at org.openqa.selenium.remote.RemoteWebDriver.execute(RemoteWebDriver.java:552)
at org.openqa.selenium.remote.RemoteWebDriver.findElement(RemoteWebDriver.java:323)
at org.openqa.selenium.remote.RemoteWebDriver.findElementById(RemoteWebDriver.java:372)
at org.openqa.selenium.By$ById.findElement(By.java:188)
at org.openqa.selenium.remote.RemoteWebDriver.findElement(RemoteWebDriver.java:315)
at org.openqa.selenium.support.pagefactory.DefaultElementLocator.findElement(DefaultElementLocator.java:69)
at org.openqa.selenium.support.pagefactory.internal.LocatingElementHandler.invoke(LocatingElementHandler.java:38)
at com.sun.proxy.$Proxy28.isDisplayed(Unknown Source)
at com.seleniummaventestng.pageobjects.Google_Page.isLoaded(Google_Page.java:35)
... 15 more
]]>
            </full-stacktrace>
          </exception> <!-- java.lang.Error -->
          <reporter-output>
          </reporter-output>
        </test-method> <!-- helloWorldTestCase02 -->
        <test-method status="PASS" signature="afterMethod()[pri:0, instance:com.seleniummaventestng.tests.HelloWorld@604ed9f0]" name="afterMethod" is-config="true" duration-ms="1112" started-at="2020-02-24T19:08:04Z" finished-at="2020-02-24T19:08:05Z">
          <reporter-output>
          </reporter-output>
        </test-method> <!-- afterMethod -->
        <test-method status="PASS" signature="afterMethod()[pri:0, instance:com.seleniummaventestng.tests.HelloWorld@604ed9f0]" name="afterMethod" is-config="true" duration-ms="1112" started-at="2020-02-24T19:08:04Z" finished-at="2020-02-24T19:08:05Z">
          <reporter-output>
          </reporter-output>
        </test-method> <!-- afterMethod -->
        <test-method status="PASS" signature="afterSuite()[pri:0, instance:com.seleniummaventestng.tests.HelloWorld@604ed9f0]" name="afterSuite" is-config="true" duration-ms="632" started-at="2020-02-24T19:08:05Z" finished-at="2020-02-24T19:08:06Z">
          <reporter-output>
          </reporter-output>
        </test-method> <!-- afterSuite -->
      </class> <!-- com.seleniummaventestng.tests.HelloWorld -->
    </test> <!-- Google Search -->
  </suite> <!-- Salenium Maven TestNG -->
</testng-results>
